<?xml version="1.0" encoding="UTF-8"?>
<!-- Generated by org.testng.reporters.JUnitXMLReporter -->
<testsuite ignored="2" hostname="MacBook-Air.local" failures="0" tests="1" name="Default test" time="9.771" errors="0" timestamp="2025-05-24T16:40:38 EDT">
  <testcase classname="alerts.HandleAlerts" name="handlejsPrompt" time="9.739"/>
  <testcase classname="alerts.HandleAlerts" name="handlejsAlerts" time="0.0">
    <ignored/>
  </testcase> <!-- handlejsAlerts -->
  <testcase classname="alerts.HandleAlerts" name="handlejsConfirm" time="0.0">
    <ignored/>
  </testcase> <!-- handlejsConfirm -->
</testsuite> <!-- Default test -->
