<?xml version="1.0" encoding="UTF-8"?>
<testng-results ignored="0" total="1" passed="1" failed="0" skipped="0">
  <reporter-output>
  </reporter-output>
  <suite started-at="2025-05-26T20:35:50 EDT" name="Default suite" finished-at="2025-05-26T20:36:22 EDT" duration-ms="31517">
    <groups>
    </groups>
    <test started-at="2025-05-26T20:35:50 EDT" name="Default test" finished-at="2025-05-26T20:36:22 EDT" duration-ms="31517">
      <class name="assignment.CustomerRegistration">
        <test-method signature="CustomerRegister()[pri:0, instance:assignment.CustomerRegistration@4d9e68d0]" started-at="2025-05-26T20:35:50 EDT" name="CustomerRegister" finished-at="2025-05-26T20:36:22 EDT" duration-ms="31477" status="PASS">
          <reporter-output>
          </reporter-output>
        </test-method> <!-- CustomerRegister -->
      </class> <!-- assignment.CustomerRegistration -->
    </test> <!-- Default test -->
  </suite> <!-- Default suite -->
</testng-results>
